[NX v22.1.1 Daemon Server] - 2025-12-03T21:29:02.156Z - Started listening on: \\.\pipe\nx\C:\Users\tyyo1\AppData\Local\Temp\d766696a0c44ed7dfe90\d.sock
[NX v22.1.1 Daemon Server] - 2025-12-03T21:29:02.158Z - [WATCHER]: Subscribed to changes within: c:\Users\tyyo1\modern (native)
[NX v22.1.1 Daemon Server] - 2025-12-03T21:29:02.160Z - Established a connection. Number of open connections: 1
[NX v22.1.1 Daemon Server] - 2025-12-03T21:29:02.163Z - Closed a connection. Number of open connections: 0
[NX v22.1.1 Daemon Server] - 2025-12-03T21:29:02.188Z - Established a connection. Number of open connections: 1
[NX v22.1.1 Daemon Server] - 2025-12-03T21:29:02.188Z - Closed a connection. Number of open connections: 0
[NX v22.1.1 Daemon Server] - 2025-12-03T21:29:02.188Z - Established a connection. Number of open connections: 1
Time for 'plugin worker 3672 code loading' 5.7317
Time for 'plugin worker 10156 code loading' 5.8050999999999995
Time for 'plugin worker 19928 code loading' 5.566299999999998
Time for 'plugin worker 12216 code loading' 5.3217
Time for 'plugin worker 5776 code loading' 4.814599999999999
[NX v22.1.1 Daemon Server] - 2025-12-03T21:29:02.569Z - Received raw message of length 32
[NX v22.1.1 Daemon Server] - 2025-12-03T21:29:02.569Z - Received json message of type REQUEST_PROJECT_GRAPH
[NX v22.1.1 Daemon Server] - 2025-12-03T21:29:02.569Z - [REQUEST]: Client Request for Project Graph Received
[NX v22.1.1 Daemon Server] - 2025-12-03T21:29:02.572Z - Established a connection. Number of open connections: 2
[NX v22.1.1 Daemon Server] - 2025-12-03T21:29:02.573Z - Closed a connection. Number of open connections: 1
[NX v22.1.1 Daemon Server] - 2025-12-03T21:29:02.594Z - Time taken for 'Load Nx Plugin: c:\Users\tyyo1\modern\node_modules\nx\src\plugins\project-json\build-nodes\project-json' 329.56309999999996ms
[NX v22.1.1 Daemon Server] - 2025-12-03T21:29:02.594Z - Time taken for 'Load Nx Plugin: c:\Users\tyyo1\modern\node_modules\nx\src\adapter\angular-json' 331.22720000000004ms
[NX v22.1.1 Daemon Server] - 2025-12-03T21:29:02.596Z - Time taken for 'Load Nx Plugin: c:\Users\tyyo1\modern\node_modules\nx\src\plugins\package-json' 332.85560000000004ms
[NX v22.1.1 Daemon Server] - 2025-12-03T21:29:02.619Z - Time taken for 'loadDefaultNxPlugins' 358.2875ms
[NX v22.1.1 Daemon Server] - 2025-12-03T21:29:02.801Z - [REQUEST]: Updated workspace context based on watched changes, recomputing project graph...
[NX v22.1.1 Daemon Server] - 2025-12-03T21:29:02.801Z - [REQUEST]: 
[NX v22.1.1 Daemon Server] - 2025-12-03T21:29:02.801Z - [REQUEST]: 
[NX v22.1.1 Daemon Server] - 2025-12-03T21:29:02.803Z - Reusing in-memory cached project graph because no files changed.
[NX v22.1.1 Daemon Server] - 2025-12-03T21:29:02.807Z - Time taken for 'loadSpecifiedNxPlugins' 536.6894ms
Time for 'nx-angular-json-plugin:createNodes' 0.5492000000000417
Time for 'nx/core/project-json:createNodes' 0.17660000000000764
Time for 'nx/core/package-json:createNodes' 0.8966000000000349
[NX v22.1.1 Daemon Server] - 2025-12-03T21:29:02.809Z - Established a connection. Number of open connections: 2
[NX v22.1.1 Daemon Server] - 2025-12-03T21:29:02.809Z - Closed a connection. Number of open connections: 1
[NX v22.1.1 Daemon Server] - 2025-12-03T21:29:02.809Z - Established a connection. Number of open connections: 2
Time for 'nx/js/dependencies-and-lockfile:createNodes' 19.137500000000045
Time for 'daemon-message-serialization-HASH_GLOB' 0.09820000000001983
[NX v22.1.1 Daemon Server] - 2025-12-03T21:29:03.104Z - Received raw message of length 58
[NX v22.1.1 Daemon Server] - 2025-12-03T21:29:03.104Z - Received json message of type HASH_GLOB
[NX v22.1.1 Daemon Server] - 2025-12-03T21:29:03.105Z - Serializing response for HASH_GLOB message in json mode
[NX v22.1.1 Daemon Server] - 2025-12-03T21:29:03.105Z - Responding to HASH_GLOB message
[NX v22.1.1 Daemon Server] - 2025-12-03T21:29:03.105Z - [REQUEST]: Responding to the client. handleHashGlob
[NX v22.1.1 Daemon Server] - 2025-12-03T21:29:03.105Z - Done responding to the client handleHashGlob
[NX v22.1.1 Daemon Server] - 2025-12-03T21:29:03.105Z - Handled json message HASH_GLOB. Handling time: 1. Response time: 0.
Time for '@nx/angular/plugin:createNodes' 301.31019999999995
Time for 'HASH_GLOB round trip' 2.925100000000043
Time for 'deserialize daemon response - HASH_GLOB' 0.10900000000003729
[NX v22.1.1 Daemon Server] - 2025-12-03T21:29:03.135Z - Time taken for 'build-project-configs' 312.44669999999996ms
Time for 'build typescript dependencies' 244.30399999999986
[NX v22.1.1 Daemon Server] - 2025-12-03T21:29:03.437Z - [REQUEST]: Responding to the client with an error. Error when preparing serialized project graph. Failed to process project graph.
     - angular.json: TypeError [ERR_INVALID_ARG_TYPE]: The "path" argument must be of type string. Received an instance of Object
      at join (node:path:478:7)
      at updateBuildTarget (c:\Users\tyyo1\modern\node_modules\@nx\angular\src\plugins\plugin.js:218:53)
      at buildAngularProjects (c:\Users\tyyo1\modern\node_modules\@nx\angular\src\plugins\plugin.js:123:23)
      at createNodesInternal (c:\Users\tyyo1\modern\node_modules\@nx\angular\src\plugins\plugin.js:75:35)
      at process.processTicksAndRejections (node:internal/process/task_queues:105:5)
      at async c:\Users\tyyo1\modern\node_modules\nx\src\project-graph\plugins\utils.js:10:27
      at async Promise.all (index 0)
      at async createNodesFromFiles (c:\Users\tyyo1\modern\node_modules\nx\src\project-graph\plugins\utils.js:8:5)
      at async exports.createNodesV2 (c:\Users\tyyo1\modern\node_modules\@nx\angular\src\plugins\plugin.js:60:20)
      at async LoadedNxPlugin.createNodes (c:\Users\tyyo1\modern\node_modules\nx\src\project-graph\plugins\loaded-nx-plugin.js:25:36)
      TypeError [ERR_INVALID_ARG_TYPE]: The "path" argument must be of type string. Received an instance of Object
          at join (node:path:478:7)
          at updateBuildTarget (c:\Users\tyyo1\modern\node_modules\@nx\angular\src\plugins\plugin.js:218:53)
          at buildAngularProjects (c:\Users\tyyo1\modern\node_modules\@nx\angular\src\plugins\plugin.js:123:23)
          at createNodesInternal (c:\Users\tyyo1\modern\node_modules\@nx\angular\src\plugins\plugin.js:75:35)
          at process.processTicksAndRejections (node:internal/process/task_queues:105:5)
          at async c:\Users\tyyo1\modern\node_modules\nx\src\project-graph\plugins\utils.js:10:27
          at async Promise.all (index 0)
          at async createNodesFromFiles (c:\Users\tyyo1\modern\node_modules\nx\src\project-graph\plugins\utils.js:8:5)
          at async exports.createNodesV2 (c:\Users\tyyo1\modern\node_modules\@nx\angular\src\plugins\plugin.js:60:20)
          at async LoadedNxPlugin.createNodes (c:\Users\tyyo1\modern\node_modules\nx\src\project-graph\plugins\loaded-nx-plugin.js:25:36)
[NX v22.1.1 Daemon Server] - 2025-12-03T21:29:03.441Z - Time taken for 'total execution time for createProjectGraph()' 307.33310000000006ms
[NX v22.1.1 Daemon Server] - 2025-12-03T21:29:03.441Z - Done responding to the client null
[NX v22.1.1 Daemon Server] - 2025-12-03T21:29:03.441Z - Handled json message REQUEST_PROJECT_GRAPH. Handling time: 868. Response time: 4.
[NX v22.1.1 Daemon Server] - 2025-12-03T21:29:03.446Z - Received raw message of length 32
[NX v22.1.1 Daemon Server] - 2025-12-03T21:29:03.446Z - Received json message of type REQUEST_PROJECT_GRAPH
[NX v22.1.1 Daemon Server] - 2025-12-03T21:29:03.446Z - [REQUEST]: Client Request for Project Graph Received
[NX v22.1.1 Daemon Server] - 2025-12-03T21:29:03.446Z - [REQUEST]: Updated workspace context based on watched changes, recomputing project graph...
[NX v22.1.1 Daemon Server] - 2025-12-03T21:29:03.446Z - [REQUEST]: 
[NX v22.1.1 Daemon Server] - 2025-12-03T21:29:03.447Z - [REQUEST]: 
[NX v22.1.1 Daemon Server] - 2025-12-03T21:29:03.458Z - No files changed, but no in-memory cached project graph found. Recomputing it...
[NX v22.1.1 Daemon Server] - 2025-12-03T21:29:03.460Z - Time taken for 'hash changed files from watcher' 0.24250000000006366ms
Time for 'nx/core/project-json:createNodes' 0.1432999999999538
Time for 'nx-angular-json-plugin:createNodes' 0.3388999999999669
Time for 'daemon-message-serialization-HASH_GLOB' 0.015499999999974534
Time for 'nx/core/package-json:createNodes' 0.4150999999999385
[NX v22.1.1 Daemon Server] - 2025-12-03T21:29:03.461Z - Received raw message of length 58
[NX v22.1.1 Daemon Server] - 2025-12-03T21:29:03.461Z - Received json message of type HASH_GLOB
[NX v22.1.1 Daemon Server] - 2025-12-03T21:29:03.462Z - Serializing response for HASH_GLOB message in json mode
[NX v22.1.1 Daemon Server] - 2025-12-03T21:29:03.462Z - Responding to HASH_GLOB message
[NX v22.1.1 Daemon Server] - 2025-12-03T21:29:03.462Z - [REQUEST]: Responding to the client. handleHashGlob
[NX v22.1.1 Daemon Server] - 2025-12-03T21:29:03.462Z - Done responding to the client handleHashGlob
[NX v22.1.1 Daemon Server] - 2025-12-03T21:29:03.462Z - Handled json message HASH_GLOB. Handling time: 1. Response time: 0.
Time for '@nx/angular/plugin:createNodes' 4.062600000000202
Time for 'HASH_GLOB round trip' 2.094000000000051
Time for 'deserialize daemon response - HASH_GLOB' 0.018299999999953798
Time for 'nx/js/dependencies-and-lockfile:createNodes' 7.711099999999988
[NX v22.1.1 Daemon Server] - 2025-12-03T21:29:03.477Z - Time taken for 'build-project-configs' 13.299199999999928ms
Time for 'build typescript dependencies' 5.50890000000004
[NX v22.1.1 Daemon Server] - 2025-12-03T21:29:03.497Z - [REQUEST]: Responding to the client with an error. Error when preparing serialized project graph. Failed to process project graph.
     - angular.json: TypeError [ERR_INVALID_ARG_TYPE]: The "path" argument must be of type string. Received an instance of Object
      at join (node:path:478:7)
      at updateBuildTarget (c:\Users\tyyo1\modern\node_modules\@nx\angular\src\plugins\plugin.js:218:53)
      at buildAngularProjects (c:\Users\tyyo1\modern\node_modules\@nx\angular\src\plugins\plugin.js:123:23)
      at createNodesInternal (c:\Users\tyyo1\modern\node_modules\@nx\angular\src\plugins\plugin.js:75:35)
      at process.processTicksAndRejections (node:internal/process/task_queues:105:5)
      at async c:\Users\tyyo1\modern\node_modules\nx\src\project-graph\plugins\utils.js:10:27
      at async Promise.all (index 0)
      at async createNodesFromFiles (c:\Users\tyyo1\modern\node_modules\nx\src\project-graph\plugins\utils.js:8:5)
      at async exports.createNodesV2 (c:\Users\tyyo1\modern\node_modules\@nx\angular\src\plugins\plugin.js:60:20)
      at async LoadedNxPlugin.createNodes (c:\Users\tyyo1\modern\node_modules\nx\src\project-graph\plugins\loaded-nx-plugin.js:25:36)
      TypeError [ERR_INVALID_ARG_TYPE]: The "path" argument must be of type string. Received an instance of Object
          at join (node:path:478:7)
          at updateBuildTarget (c:\Users\tyyo1\modern\node_modules\@nx\angular\src\plugins\plugin.js:218:53)
          at buildAngularProjects (c:\Users\tyyo1\modern\node_modules\@nx\angular\src\plugins\plugin.js:123:23)
          at createNodesInternal (c:\Users\tyyo1\modern\node_modules\@nx\angular\src\plugins\plugin.js:75:35)
          at process.processTicksAndRejections (node:internal/process/task_queues:105:5)
          at async c:\Users\tyyo1\modern\node_modules\nx\src\project-graph\plugins\utils.js:10:27
          at async Promise.all (index 0)
          at async createNodesFromFiles (c:\Users\tyyo1\modern\node_modules\nx\src\project-graph\plugins\utils.js:8:5)
          at async exports.createNodesV2 (c:\Users\tyyo1\modern\node_modules\@nx\angular\src\plugins\plugin.js:60:20)
          at async LoadedNxPlugin.createNodes (c:\Users\tyyo1\modern\node_modules\nx\src\project-graph\plugins\loaded-nx-plugin.js:25:36)
[NX v22.1.1 Daemon Server] - 2025-12-03T21:29:03.500Z - Time taken for 'total execution time for createProjectGraph()' 22.044800000000123ms
[NX v22.1.1 Daemon Server] - 2025-12-03T21:29:03.500Z - Done responding to the client null
[NX v22.1.1 Daemon Server] - 2025-12-03T21:29:03.500Z - Handled json message REQUEST_PROJECT_GRAPH. Handling time: 51. Response time: 3.
[NX v22.1.1 Daemon Server] - 2025-12-03T21:29:03.504Z - Received raw message of length 32
[NX v22.1.1 Daemon Server] - 2025-12-03T21:29:03.504Z - Received json message of type GET_CONTEXT_FILE_DATA
[NX v22.1.1 Daemon Server] - 2025-12-03T21:29:03.504Z - Serializing response for GET_CONTEXT_FILE_DATA message in json mode
[NX v22.1.1 Daemon Server] - 2025-12-03T21:29:03.504Z - Responding to GET_CONTEXT_FILE_DATA message
[NX v22.1.1 Daemon Server] - 2025-12-03T21:29:03.504Z - [REQUEST]: Responding to the client. handleContextFileData
[NX v22.1.1 Daemon Server] - 2025-12-03T21:29:03.504Z - Done responding to the client handleContextFileData
[NX v22.1.1 Daemon Server] - 2025-12-03T21:29:03.504Z - Handled json message GET_CONTEXT_FILE_DATA. Handling time: 0. Response time: 0.
[NX v22.1.1 Daemon Server] - 2025-12-03T21:29:03.505Z - Closed a connection. Number of open connections: 1
[NX v22.1.1 Daemon Server] - 2025-12-03T21:29:03.702Z - Established a connection. Number of open connections: 2
[NX v22.1.1 Daemon Server] - 2025-12-03T21:29:03.702Z - Closed a connection. Number of open connections: 1
[NX v22.1.1 Daemon Server] - 2025-12-03T21:29:03.702Z - Established a connection. Number of open connections: 2
[NX v22.1.1 Daemon Server] - 2025-12-03T21:29:03.702Z - Closed a connection. Number of open connections: 1
[NX v22.1.1 Daemon Server] - 2025-12-03T21:29:03.703Z - Established a connection. Number of open connections: 2
[NX v22.1.1 Daemon Server] - 2025-12-03T21:29:03.704Z - Received raw message of length 32
[NX v22.1.1 Daemon Server] - 2025-12-03T21:29:03.704Z - Received json message of type REQUEST_PROJECT_GRAPH
[NX v22.1.1 Daemon Server] - 2025-12-03T21:29:03.704Z - [REQUEST]: Client Request for Project Graph Received
[NX v22.1.1 Daemon Server] - 2025-12-03T21:29:03.705Z - [REQUEST]: Updated workspace context based on watched changes, recomputing project graph...
[NX v22.1.1 Daemon Server] - 2025-12-03T21:29:03.705Z - [REQUEST]: 
[NX v22.1.1 Daemon Server] - 2025-12-03T21:29:03.705Z - [REQUEST]: 
[NX v22.1.1 Daemon Server] - 2025-12-03T21:29:03.717Z - No files changed, but no in-memory cached project graph found. Recomputing it...
[NX v22.1.1 Daemon Server] - 2025-12-03T21:29:03.718Z - Time taken for 'hash changed files from watcher' 0.24480000000016844ms
Time for 'nx-angular-json-plugin:createNodes' 0.38619999999991705
Time for 'daemon-message-serialization-HASH_GLOB' 0.013200000000097134
Time for 'nx/core/project-json:createNodes' 0.2259999999998854
Time for 'nx/core/package-json:createNodes' 0.6016999999999371
[NX v22.1.1 Daemon Server] - 2025-12-03T21:29:03.720Z - Received raw message of length 58
[NX v22.1.1 Daemon Server] - 2025-12-03T21:29:03.720Z - Received json message of type HASH_GLOB
[NX v22.1.1 Daemon Server] - 2025-12-03T21:29:03.721Z - Serializing response for HASH_GLOB message in json mode
[NX v22.1.1 Daemon Server] - 2025-12-03T21:29:03.721Z - Responding to HASH_GLOB message
[NX v22.1.1 Daemon Server] - 2025-12-03T21:29:03.721Z - [REQUEST]: Responding to the client. handleHashGlob
[NX v22.1.1 Daemon Server] - 2025-12-03T21:29:03.721Z - Done responding to the client handleHashGlob
[NX v22.1.1 Daemon Server] - 2025-12-03T21:29:03.721Z - Handled json message HASH_GLOB. Handling time: 1. Response time: 0.
Time for '@nx/angular/plugin:createNodes' 4.176299999999856
Time for 'HASH_GLOB round trip' 2.017799999999852
Time for 'deserialize daemon response - HASH_GLOB' 0.020299999999906504
Time for 'nx/js/dependencies-and-lockfile:createNodes' 8.08179999999993
[NX v22.1.1 Daemon Server] - 2025-12-03T21:29:03.741Z - Time taken for 'build-project-configs' 15.06899999999996ms
Time for 'build typescript dependencies' 5.722600000000057
[NX v22.1.1 Daemon Server] - 2025-12-03T21:29:03.762Z - [REQUEST]: Responding to the client with an error. Error when preparing serialized project graph. Failed to process project graph.
     - angular.json: TypeError [ERR_INVALID_ARG_TYPE]: The "path" argument must be of type string. Received an instance of Object
      at join (node:path:478:7)
      at updateBuildTarget (c:\Users\tyyo1\modern\node_modules\@nx\angular\src\plugins\plugin.js:218:53)
      at buildAngularProjects (c:\Users\tyyo1\modern\node_modules\@nx\angular\src\plugins\plugin.js:123:23)
      at createNodesInternal (c:\Users\tyyo1\modern\node_modules\@nx\angular\src\plugins\plugin.js:75:35)
      at process.processTicksAndRejections (node:internal/process/task_queues:105:5)
      at async c:\Users\tyyo1\modern\node_modules\nx\src\project-graph\plugins\utils.js:10:27
      at async Promise.all (index 0)
      at async createNodesFromFiles (c:\Users\tyyo1\modern\node_modules\nx\src\project-graph\plugins\utils.js:8:5)
      at async exports.createNodesV2 (c:\Users\tyyo1\modern\node_modules\@nx\angular\src\plugins\plugin.js:60:20)
      at async LoadedNxPlugin.createNodes (c:\Users\tyyo1\modern\node_modules\nx\src\project-graph\plugins\loaded-nx-plugin.js:25:36)
      TypeError [ERR_INVALID_ARG_TYPE]: The "path" argument must be of type string. Received an instance of Object
          at join (node:path:478:7)
          at updateBuildTarget (c:\Users\tyyo1\modern\node_modules\@nx\angular\src\plugins\plugin.js:218:53)
          at buildAngularProjects (c:\Users\tyyo1\modern\node_modules\@nx\angular\src\plugins\plugin.js:123:23)
          at createNodesInternal (c:\Users\tyyo1\modern\node_modules\@nx\angular\src\plugins\plugin.js:75:35)
          at process.processTicksAndRejections (node:internal/process/task_queues:105:5)
          at async c:\Users\tyyo1\modern\node_modules\nx\src\project-graph\plugins\utils.js:10:27
          at async Promise.all (index 0)
          at async createNodesFromFiles (c:\Users\tyyo1\modern\node_modules\nx\src\project-graph\plugins\utils.js:8:5)
          at async exports.createNodesV2 (c:\Users\tyyo1\modern\node_modules\@nx\angular\src\plugins\plugin.js:60:20)
          at async LoadedNxPlugin.createNodes (c:\Users\tyyo1\modern\node_modules\nx\src\project-graph\plugins\loaded-nx-plugin.js:25:36)
[NX v22.1.1 Daemon Server] - 2025-12-03T21:29:03.765Z - Time taken for 'total execution time for createProjectGraph()' 25.976300000000037ms
[NX v22.1.1 Daemon Server] - 2025-12-03T21:29:03.766Z - Done responding to the client null
[NX v22.1.1 Daemon Server] - 2025-12-03T21:29:03.766Z - Handled json message REQUEST_PROJECT_GRAPH. Handling time: 58. Response time: 4.
[NX v22.1.1 Daemon Server] - 2025-12-03T21:29:03.770Z - Received raw message of length 32
[NX v22.1.1 Daemon Server] - 2025-12-03T21:29:03.770Z - Received json message of type GET_CONTEXT_FILE_DATA
[NX v22.1.1 Daemon Server] - 2025-12-03T21:29:03.771Z - Serializing response for GET_CONTEXT_FILE_DATA message in json mode
[NX v22.1.1 Daemon Server] - 2025-12-03T21:29:03.771Z - Responding to GET_CONTEXT_FILE_DATA message
[NX v22.1.1 Daemon Server] - 2025-12-03T21:29:03.771Z - [REQUEST]: Responding to the client. handleContextFileData
[NX v22.1.1 Daemon Server] - 2025-12-03T21:29:03.771Z - Done responding to the client handleContextFileData
[NX v22.1.1 Daemon Server] - 2025-12-03T21:29:03.771Z - Handled json message GET_CONTEXT_FILE_DATA. Handling time: 1. Response time: 0.
[NX v22.1.1 Daemon Server] - 2025-12-03T21:29:03.771Z - Closed a connection. Number of open connections: 1
[NX v22.1.1 Daemon Server] - 2025-12-03T21:30:09.041Z - Started listening on: \\.\pipe\nx\C:\Users\tyyo1\AppData\Local\Temp\d766696a0c44ed7dfe90\d.sock
[NX v22.1.1 Daemon Server] - 2025-12-03T21:30:09.043Z - [WATCHER]: Subscribed to changes within: c:\Users\tyyo1\modern (native)
[NX v22.1.1 Daemon Server] - 2025-12-03T21:30:09.045Z - Established a connection. Number of open connections: 1
[NX v22.1.1 Daemon Server] - 2025-12-03T21:30:09.047Z - Closed a connection. Number of open connections: 0
[NX v22.1.1 Daemon Server] - 2025-12-03T21:30:09.069Z - Established a connection. Number of open connections: 1
[NX v22.1.1 Daemon Server] - 2025-12-03T21:30:09.069Z - Closed a connection. Number of open connections: 0
[NX v22.1.1 Daemon Server] - 2025-12-03T21:30:09.070Z - Established a connection. Number of open connections: 1
[NX v22.1.1 Daemon Server] - 2025-12-03T21:30:09.077Z - Received raw message of length 32
[NX v22.1.1 Daemon Server] - 2025-12-03T21:30:09.078Z - Received json message of type REQUEST_PROJECT_GRAPH
[NX v22.1.1 Daemon Server] - 2025-12-03T21:30:09.078Z - [REQUEST]: Client Request for Project Graph Received
Time for 'plugin worker 21496 code loading' 4.998999999999999
Time for 'plugin worker 9252 code loading' 5.6722
Time for 'plugin worker 18688 code loading' 5.9587
Time for 'plugin worker 26232 code loading' 5.222999999999999
[NX v22.1.1 Daemon Server] - 2025-12-03T21:30:09.357Z - Time taken for 'Load Nx Plugin: c:\Users\tyyo1\modern\node_modules\nx\src\adapter\angular-json' 275.9574999999999ms
[NX v22.1.1 Daemon Server] - 2025-12-03T21:30:09.364Z - Time taken for 'Load Nx Plugin: c:\Users\tyyo1\modern\node_modules\nx\src\plugins\project-json\build-nodes\project-json' 282.88ms
[NX v22.1.1 Daemon Server] - 2025-12-03T21:30:09.365Z - Time taken for 'Load Nx Plugin: c:\Users\tyyo1\modern\node_modules\nx\src\plugins\js' 285.1826ms
[NX v22.1.1 Daemon Server] - 2025-12-03T21:30:09.365Z - Time taken for 'loadDefaultNxPlugins' 286.2085ms
Time for 'plugin worker 19336 code loading' 5.043299999999999
[NX v22.1.1 Daemon Server] - 2025-12-03T21:30:09.540Z - [REQUEST]: Updated workspace context based on watched changes, recomputing project graph...
[NX v22.1.1 Daemon Server] - 2025-12-03T21:30:09.540Z - [REQUEST]: 
[NX v22.1.1 Daemon Server] - 2025-12-03T21:30:09.540Z - [REQUEST]: 
[NX v22.1.1 Daemon Server] - 2025-12-03T21:30:09.541Z - No files changed, but no in-memory cached project graph found. Recomputing it...
[NX v22.1.1 Daemon Server] - 2025-12-03T21:30:09.547Z - Time taken for 'loadSpecifiedNxPlugins' 457.67600000000004ms
Time for 'nx-angular-json-plugin:createNodes' 0.6206000000000245
Time for 'nx/core/project-json:createNodes' 0.28359999999997854
Time for 'nx/core/package-json:createNodes' 1.0831000000000017
[NX v22.1.1 Daemon Server] - 2025-12-03T21:30:09.549Z - Established a connection. Number of open connections: 2
[NX v22.1.1 Daemon Server] - 2025-12-03T21:30:09.549Z - Closed a connection. Number of open connections: 1
[NX v22.1.1 Daemon Server] - 2025-12-03T21:30:09.550Z - Established a connection. Number of open connections: 2
Time for 'nx/js/dependencies-and-lockfile:createNodes' 8.606899999999996
Time for 'daemon-message-serialization-HASH_GLOB' 0.10560000000009495
[NX v22.1.1 Daemon Server] - 2025-12-03T21:30:09.837Z - Received raw message of length 58
[NX v22.1.1 Daemon Server] - 2025-12-03T21:30:09.837Z - Received json message of type HASH_GLOB
[NX v22.1.1 Daemon Server] - 2025-12-03T21:30:09.838Z - Serializing response for HASH_GLOB message in json mode
[NX v22.1.1 Daemon Server] - 2025-12-03T21:30:09.838Z - Responding to HASH_GLOB message
[NX v22.1.1 Daemon Server] - 2025-12-03T21:30:09.838Z - [REQUEST]: Responding to the client. handleHashGlob
[NX v22.1.1 Daemon Server] - 2025-12-03T21:30:09.838Z - Done responding to the client handleHashGlob
[NX v22.1.1 Daemon Server] - 2025-12-03T21:30:09.838Z - Handled json message HASH_GLOB. Handling time: 1. Response time: 0.
Time for '@nx/angular/plugin:createNodes' 294.61820000000006
Time for 'HASH_GLOB round trip' 3.205100000000016
Time for 'deserialize daemon response - HASH_GLOB' 0.11429999999995744
[NX v22.1.1 Daemon Server] - 2025-12-03T21:30:09.867Z - Time taken for 'build-project-configs' 305.7182999999999ms
Time for 'build typescript dependencies' 268.4007999999999
[NX v22.1.1 Daemon Server] - 2025-12-03T21:30:10.156Z - [REQUEST]: Responding to the client with an error. Error when preparing serialized project graph. Failed to process project graph.
     - angular.json: TypeError [ERR_INVALID_ARG_TYPE]: The "path" argument must be of type string. Received an instance of Object
      at join (node:path:478:7)
      at updateBuildTarget (c:\Users\tyyo1\modern\node_modules\@nx\angular\src\plugins\plugin.js:218:53)
      at buildAngularProjects (c:\Users\tyyo1\modern\node_modules\@nx\angular\src\plugins\plugin.js:123:23)
      at createNodesInternal (c:\Users\tyyo1\modern\node_modules\@nx\angular\src\plugins\plugin.js:75:35)
      at process.processTicksAndRejections (node:internal/process/task_queues:105:5)
      at async c:\Users\tyyo1\modern\node_modules\nx\src\project-graph\plugins\utils.js:10:27
      at async Promise.all (index 0)
      at async createNodesFromFiles (c:\Users\tyyo1\modern\node_modules\nx\src\project-graph\plugins\utils.js:8:5)
      at async exports.createNodesV2 (c:\Users\tyyo1\modern\node_modules\@nx\angular\src\plugins\plugin.js:60:20)
      at async LoadedNxPlugin.createNodes (c:\Users\tyyo1\modern\node_modules\nx\src\project-graph\plugins\loaded-nx-plugin.js:25:36)
      TypeError [ERR_INVALID_ARG_TYPE]: The "path" argument must be of type string. Received an instance of Object
          at join (node:path:478:7)
          at updateBuildTarget (c:\Users\tyyo1\modern\node_modules\@nx\angular\src\plugins\plugin.js:218:53)
          at buildAngularProjects (c:\Users\tyyo1\modern\node_modules\@nx\angular\src\plugins\plugin.js:123:23)
          at createNodesInternal (c:\Users\tyyo1\modern\node_modules\@nx\angular\src\plugins\plugin.js:75:35)
          at process.processTicksAndRejections (node:internal/process/task_queues:105:5)
          at async c:\Users\tyyo1\modern\node_modules\nx\src\project-graph\plugins\utils.js:10:27
          at async Promise.all (index 0)
          at async createNodesFromFiles (c:\Users\tyyo1\modern\node_modules\nx\src\project-graph\plugins\utils.js:8:5)
          at async exports.createNodesV2 (c:\Users\tyyo1\modern\node_modules\@nx\angular\src\plugins\plugin.js:60:20)
          at async LoadedNxPlugin.createNodes (c:\Users\tyyo1\modern\node_modules\nx\src\project-graph\plugins\loaded-nx-plugin.js:25:36)
[NX v22.1.1 Daemon Server] - 2025-12-03T21:30:10.159Z - Time taken for 'total execution time for createProjectGraph()' 295.29870000000005ms
[NX v22.1.1 Daemon Server] - 2025-12-03T21:30:10.160Z - Done responding to the client null
[NX v22.1.1 Daemon Server] - 2025-12-03T21:30:10.160Z - Handled json message REQUEST_PROJECT_GRAPH. Handling time: 1078. Response time: 4.
[NX v22.1.1 Daemon Server] - 2025-12-03T21:30:10.164Z - Received raw message of length 32
[NX v22.1.1 Daemon Server] - 2025-12-03T21:30:10.164Z - Received json message of type GET_CONTEXT_FILE_DATA
[NX v22.1.1 Daemon Server] - 2025-12-03T21:30:10.165Z - Serializing response for GET_CONTEXT_FILE_DATA message in json mode
[NX v22.1.1 Daemon Server] - 2025-12-03T21:30:10.165Z - Responding to GET_CONTEXT_FILE_DATA message
[NX v22.1.1 Daemon Server] - 2025-12-03T21:30:10.165Z - [REQUEST]: Responding to the client. handleContextFileData
[NX v22.1.1 Daemon Server] - 2025-12-03T21:30:10.165Z - Done responding to the client handleContextFileData
[NX v22.1.1 Daemon Server] - 2025-12-03T21:30:10.165Z - Handled json message GET_CONTEXT_FILE_DATA. Handling time: 0. Response time: 1.
[NX v22.1.1 Daemon Server] - 2025-12-03T21:30:10.165Z - Closed a connection. Number of open connections: 1
[NX v22.1.1 Daemon Server] - 2025-12-03T21:32:21.783Z - [WATCHER]: Processing file changes in outputs
[NX v22.1.1 Daemon Server] - 2025-12-03T21:32:21.785Z - [WATCHER]: package.json was modified
[NX v22.1.1 Daemon Server] - 2025-12-03T21:32:21.889Z - [REQUEST]: Updated workspace context based on watched changes, recomputing project graph...
[NX v22.1.1 Daemon Server] - 2025-12-03T21:32:21.889Z - [REQUEST]: package.json
[NX v22.1.1 Daemon Server] - 2025-12-03T21:32:21.889Z - [REQUEST]: 
[NX v22.1.1 Daemon Server] - 2025-12-03T21:32:21.893Z - Time taken for 'hash changed files from watcher' 0.21280000000842847ms
Time for 'daemon-message-serialization-HASH_GLOB' 0.0385999999998603
Time for 'nx-angular-json-plugin:createNodes' 0.9190999999991618
Time for 'nx/core/project-json:createNodes' 0.604300000006333
Time for 'nx/core/package-json:createNodes' 1.2930999999807682
[NX v22.1.1 Daemon Server] - 2025-12-03T21:32:21.895Z - Received raw message of length 58
[NX v22.1.1 Daemon Server] - 2025-12-03T21:32:21.895Z - Received json message of type HASH_GLOB
[NX v22.1.1 Daemon Server] - 2025-12-03T21:32:21.896Z - Serializing response for HASH_GLOB message in json mode
[NX v22.1.1 Daemon Server] - 2025-12-03T21:32:21.896Z - Responding to HASH_GLOB message
[NX v22.1.1 Daemon Server] - 2025-12-03T21:32:21.896Z - [REQUEST]: Responding to the client. handleHashGlob
[NX v22.1.1 Daemon Server] - 2025-12-03T21:32:21.897Z - Done responding to the client handleHashGlob
[NX v22.1.1 Daemon Server] - 2025-12-03T21:32:21.897Z - Handled json message HASH_GLOB. Handling time: 1. Response time: 1.
Time for '@nx/angular/plugin:createNodes' 6.847800000017742
Time for 'HASH_GLOB round trip' 3.637300000002142
Time for 'deserialize daemon response - HASH_GLOB' 0.03479999999399297
Time for 'nx/js/dependencies-and-lockfile:createNodes' 11.330000000016298
[NX v22.1.1 Daemon Server] - 2025-12-03T21:32:21.917Z - Time taken for 'build-project-configs' 18.54320000001462ms
Time for 'build typescript dependencies' 5.103000000002794
[NX v22.1.1 Daemon Server] - 2025-12-03T21:32:21.942Z - Time taken for 'total execution time for createProjectGraph()' 28.877600000007078ms
[NX v22.1.1 Daemon Server] - 2025-12-03T21:32:22.792Z - Established a connection. Number of open connections: 2
[NX v22.1.1 Daemon Server] - 2025-12-03T21:32:22.792Z - Closed a connection. Number of open connections: 1
[NX v22.1.1 Daemon Server] - 2025-12-03T21:32:22.792Z - Established a connection. Number of open connections: 2
[NX v22.1.1 Daemon Server] - 2025-12-03T21:32:22.793Z - Closed a connection. Number of open connections: 1
[NX v22.1.1 Daemon Server] - 2025-12-03T21:32:22.793Z - Established a connection. Number of open connections: 2
[NX v22.1.1 Daemon Server] - 2025-12-03T21:32:22.795Z - Received raw message of length 32
[NX v22.1.1 Daemon Server] - 2025-12-03T21:32:22.795Z - Received json message of type REQUEST_PROJECT_GRAPH
[NX v22.1.1 Daemon Server] - 2025-12-03T21:32:22.795Z - [REQUEST]: Client Request for Project Graph Received
[NX v22.1.1 Daemon Server] - 2025-12-03T21:32:22.796Z - [REQUEST]: Updated workspace context based on watched changes, recomputing project graph...
[NX v22.1.1 Daemon Server] - 2025-12-03T21:32:22.796Z - [REQUEST]: 
[NX v22.1.1 Daemon Server] - 2025-12-03T21:32:22.796Z - [REQUEST]: 
[NX v22.1.1 Daemon Server] - 2025-12-03T21:32:22.808Z - No files changed, but no in-memory cached project graph found. Recomputing it...
[NX v22.1.1 Daemon Server] - 2025-12-03T21:32:22.809Z - Time taken for 'hash changed files from watcher' 0.28570000000763685ms
Time for 'nx/core/project-json:createNodes' 0.1362000000081025
Time for 'nx-angular-json-plugin:createNodes' 0.40080000000307336
Time for 'daemon-message-serialization-HASH_GLOB' 0.013299999991431832
Time for 'nx/core/package-json:createNodes' 0.4324999999953434
[NX v22.1.1 Daemon Server] - 2025-12-03T21:32:22.810Z - Received raw message of length 58
[NX v22.1.1 Daemon Server] - 2025-12-03T21:32:22.811Z - Received json message of type HASH_GLOB
[NX v22.1.1 Daemon Server] - 2025-12-03T21:32:22.811Z - Serializing response for HASH_GLOB message in json mode
[NX v22.1.1 Daemon Server] - 2025-12-03T21:32:22.812Z - Responding to HASH_GLOB message
[NX v22.1.1 Daemon Server] - 2025-12-03T21:32:22.812Z - [REQUEST]: Responding to the client. handleHashGlob
[NX v22.1.1 Daemon Server] - 2025-12-03T21:32:22.812Z - Done responding to the client handleHashGlob
[NX v22.1.1 Daemon Server] - 2025-12-03T21:32:22.812Z - Handled json message HASH_GLOB. Handling time: 0. Response time: 1.
Time for '@nx/angular/plugin:createNodes' 5.543800000014016
Time for 'HASH_GLOB round trip' 3.08629999999539
Time for 'deserialize daemon response - HASH_GLOB' 0.055500000016763806
Time for 'nx/js/dependencies-and-lockfile:createNodes' 10.32129999998142
[NX v22.1.1 Daemon Server] - 2025-12-03T21:32:22.831Z - Time taken for 'build-project-configs' 16.1817999999912ms
Time for 'build typescript dependencies' 6.251199999998789
[NX v22.1.1 Daemon Server] - 2025-12-03T21:32:22.854Z - [REQUEST]: Responding to the client with an error. Error when preparing serialized project graph. Failed to process project graph.
     - angular.json: TypeError [ERR_INVALID_ARG_TYPE]: The "path" argument must be of type string. Received an instance of Object
      at join (node:path:478:7)
      at updateBuildTarget (c:\Users\tyyo1\modern\node_modules\@nx\angular\src\plugins\plugin.js:218:53)
      at buildAngularProjects (c:\Users\tyyo1\modern\node_modules\@nx\angular\src\plugins\plugin.js:123:23)
      at createNodesInternal (c:\Users\tyyo1\modern\node_modules\@nx\angular\src\plugins\plugin.js:75:35)
      at process.processTicksAndRejections (node:internal/process/task_queues:105:5)
      at async c:\Users\tyyo1\modern\node_modules\nx\src\project-graph\plugins\utils.js:10:27
      at async Promise.all (index 0)
      at async createNodesFromFiles (c:\Users\tyyo1\modern\node_modules\nx\src\project-graph\plugins\utils.js:8:5)
      at async exports.createNodesV2 (c:\Users\tyyo1\modern\node_modules\@nx\angular\src\plugins\plugin.js:60:20)
      at async LoadedNxPlugin.createNodes (c:\Users\tyyo1\modern\node_modules\nx\src\project-graph\plugins\loaded-nx-plugin.js:25:36)
      TypeError [ERR_INVALID_ARG_TYPE]: The "path" argument must be of type string. Received an instance of Object
          at join (node:path:478:7)
          at updateBuildTarget (c:\Users\tyyo1\modern\node_modules\@nx\angular\src\plugins\plugin.js:218:53)
          at buildAngularProjects (c:\Users\tyyo1\modern\node_modules\@nx\angular\src\plugins\plugin.js:123:23)
          at createNodesInternal (c:\Users\tyyo1\modern\node_modules\@nx\angular\src\plugins\plugin.js:75:35)
          at process.processTicksAndRejections (node:internal/process/task_queues:105:5)
          at async c:\Users\tyyo1\modern\node_modules\nx\src\project-graph\plugins\utils.js:10:27
          at async Promise.all (index 0)
          at async createNodesFromFiles (c:\Users\tyyo1\modern\node_modules\nx\src\project-graph\plugins\utils.js:8:5)
          at async exports.createNodesV2 (c:\Users\tyyo1\modern\node_modules\@nx\angular\src\plugins\plugin.js:60:20)
          at async LoadedNxPlugin.createNodes (c:\Users\tyyo1\modern\node_modules\nx\src\project-graph\plugins\loaded-nx-plugin.js:25:36)
[NX v22.1.1 Daemon Server] - 2025-12-03T21:32:22.857Z - Time taken for 'total execution time for createProjectGraph()' 27.226000000024214ms
[NX v22.1.1 Daemon Server] - 2025-12-03T21:32:22.857Z - Done responding to the client null
[NX v22.1.1 Daemon Server] - 2025-12-03T21:32:22.857Z - Handled json message REQUEST_PROJECT_GRAPH. Handling time: 59. Response time: 3.
[NX v22.1.1 Daemon Server] - 2025-12-03T21:32:22.864Z - Received raw message of length 32
[NX v22.1.1 Daemon Server] - 2025-12-03T21:32:22.864Z - Received json message of type GET_CONTEXT_FILE_DATA
[NX v22.1.1 Daemon Server] - 2025-12-03T21:32:22.864Z - Serializing response for GET_CONTEXT_FILE_DATA message in json mode
[NX v22.1.1 Daemon Server] - 2025-12-03T21:32:22.864Z - Responding to GET_CONTEXT_FILE_DATA message
[NX v22.1.1 Daemon Server] - 2025-12-03T21:32:22.864Z - [REQUEST]: Responding to the client. handleContextFileData
[NX v22.1.1 Daemon Server] - 2025-12-03T21:32:22.864Z - Done responding to the client handleContextFileData
[NX v22.1.1 Daemon Server] - 2025-12-03T21:32:22.864Z - Handled json message GET_CONTEXT_FILE_DATA. Handling time: 0. Response time: 0.
[NX v22.1.1 Daemon Server] - 2025-12-03T21:32:22.865Z - Closed a connection. Number of open connections: 1
[NX v22.1.1 Daemon Server] - 2025-12-03T21:32:24.027Z - [WATCHER]: Processing file changes in outputs
[NX v22.1.1 Daemon Server] - 2025-12-03T21:32:24.029Z - [WATCHER]: package.json was modified
[NX v22.1.1 Daemon Server] - 2025-12-03T21:32:24.131Z - [REQUEST]: Updated workspace context based on watched changes, recomputing project graph...
[NX v22.1.1 Daemon Server] - 2025-12-03T21:32:24.131Z - [REQUEST]: package.json
[NX v22.1.1 Daemon Server] - 2025-12-03T21:32:24.131Z - [REQUEST]: 
[NX v22.1.1 Daemon Server] - 2025-12-03T21:32:24.133Z - Time taken for 'hash changed files from watcher' 0.20530000000144355ms
Time for 'nx-angular-json-plugin:createNodes' 0.3533000000170432
Time for 'nx/core/project-json:createNodes' 0.191499999986263
Time for 'daemon-message-serialization-HASH_GLOB' 0.019500000023981556
Time for 'nx/core/package-json:createNodes' 0.5971999999892432
[NX v22.1.1 Daemon Server] - 2025-12-03T21:32:24.135Z - Received raw message of length 58
[NX v22.1.1 Daemon Server] - 2025-12-03T21:32:24.135Z - Received json message of type HASH_GLOB
[NX v22.1.1 Daemon Server] - 2025-12-03T21:32:24.135Z - Serializing response for HASH_GLOB message in json mode
[NX v22.1.1 Daemon Server] - 2025-12-03T21:32:24.135Z - Responding to HASH_GLOB message
[NX v22.1.1 Daemon Server] - 2025-12-03T21:32:24.135Z - [REQUEST]: Responding to the client. handleHashGlob
[NX v22.1.1 Daemon Server] - 2025-12-03T21:32:24.136Z - Done responding to the client handleHashGlob
[NX v22.1.1 Daemon Server] - 2025-12-03T21:32:24.136Z - Handled json message HASH_GLOB. Handling time: 0. Response time: 1.
Time for '@nx/angular/plugin:createNodes' 5.076099999976577
Time for 'HASH_GLOB round trip' 2.1304999999993015
Time for 'deserialize daemon response - HASH_GLOB' 0.02809999999590218
Time for 'nx/js/dependencies-and-lockfile:createNodes' 8.008600000001024
[NX v22.1.1 Daemon Server] - 2025-12-03T21:32:24.152Z - Time taken for 'build-project-configs' 13.71209999997518ms
Time for 'build typescript dependencies' 4.777999999991152
[NX v22.1.1 Daemon Server] - 2025-12-03T21:32:24.176Z - Time taken for 'total execution time for createProjectGraph()' 26.47620000000461ms
[NX v22.1.1 Daemon Server] - 2025-12-03T21:32:25.046Z - Established a connection. Number of open connections: 2
[NX v22.1.1 Daemon Server] - 2025-12-03T21:32:25.047Z - Closed a connection. Number of open connections: 1
[NX v22.1.1 Daemon Server] - 2025-12-03T21:32:25.048Z - Established a connection. Number of open connections: 2
[NX v22.1.1 Daemon Server] - 2025-12-03T21:32:25.048Z - Closed a connection. Number of open connections: 1
[NX v22.1.1 Daemon Server] - 2025-12-03T21:32:25.049Z - Established a connection. Number of open connections: 2
[NX v22.1.1 Daemon Server] - 2025-12-03T21:32:25.051Z - Received raw message of length 32
[NX v22.1.1 Daemon Server] - 2025-12-03T21:32:25.052Z - Received json message of type REQUEST_PROJECT_GRAPH
[NX v22.1.1 Daemon Server] - 2025-12-03T21:32:25.052Z - [REQUEST]: Client Request for Project Graph Received
[NX v22.1.1 Daemon Server] - 2025-12-03T21:32:25.053Z - [REQUEST]: Updated workspace context based on watched changes, recomputing project graph...
[NX v22.1.1 Daemon Server] - 2025-12-03T21:32:25.053Z - [REQUEST]: 
[NX v22.1.1 Daemon Server] - 2025-12-03T21:32:25.053Z - [REQUEST]: 
[NX v22.1.1 Daemon Server] - 2025-12-03T21:32:25.070Z - No files changed, but no in-memory cached project graph found. Recomputing it...
[NX v22.1.1 Daemon Server] - 2025-12-03T21:32:25.072Z - Time taken for 'hash changed files from watcher' 0.6382999999914318ms
Time for 'nx/core/project-json:createNodes' 0.1362000000081025
Time for 'nx-angular-json-plugin:createNodes' 0.8187000000034459
Time for 'nx/core/package-json:createNodes' 0.8562999999849126
Time for 'daemon-message-serialization-HASH_GLOB' 0.03359999999520369
[NX v22.1.1 Daemon Server] - 2025-12-03T21:32:25.076Z - Received raw message of length 58
[NX v22.1.1 Daemon Server] - 2025-12-03T21:32:25.076Z - Received json message of type HASH_GLOB
[NX v22.1.1 Daemon Server] - 2025-12-03T21:32:25.077Z - Serializing response for HASH_GLOB message in json mode
[NX v22.1.1 Daemon Server] - 2025-12-03T21:32:25.077Z - Responding to HASH_GLOB message
[NX v22.1.1 Daemon Server] - 2025-12-03T21:32:25.078Z - [REQUEST]: Responding to the client. handleHashGlob
[NX v22.1.1 Daemon Server] - 2025-12-03T21:32:25.078Z - Done responding to the client handleHashGlob
[NX v22.1.1 Daemon Server] - 2025-12-03T21:32:25.078Z - Handled json message HASH_GLOB. Handling time: 1. Response time: 1.
Time for '@nx/angular/plugin:createNodes' 10.012600000016391
Time for 'HASH_GLOB round trip' 4.704200000007404
Time for 'deserialize daemon response - HASH_GLOB' 0.05140000002575107
Time for 'nx/js/dependencies-and-lockfile:createNodes' 17.35189999997965
[NX v22.1.1 Daemon Server] - 2025-12-03T21:32:25.102Z - Time taken for 'build-project-configs' 25.497799999982817ms
Time for 'build typescript dependencies' 7.271500000002561
[NX v22.1.1 Daemon Server] - 2025-12-03T21:32:25.124Z - [REQUEST]: Responding to the client with an error. Error when preparing serialized project graph. Failed to process project graph.
     - angular.json: TypeError [ERR_INVALID_ARG_TYPE]: The "path" argument must be of type string. Received an instance of Object
      at join (node:path:478:7)
      at updateBuildTarget (c:\Users\tyyo1\modern\node_modules\@nx\angular\src\plugins\plugin.js:218:53)
      at buildAngularProjects (c:\Users\tyyo1\modern\node_modules\@nx\angular\src\plugins\plugin.js:123:23)
      at createNodesInternal (c:\Users\tyyo1\modern\node_modules\@nx\angular\src\plugins\plugin.js:75:35)
      at process.processTicksAndRejections (node:internal/process/task_queues:105:5)
      at async c:\Users\tyyo1\modern\node_modules\nx\src\project-graph\plugins\utils.js:10:27
      at async Promise.all (index 0)
      at async createNodesFromFiles (c:\Users\tyyo1\modern\node_modules\nx\src\project-graph\plugins\utils.js:8:5)
      at async exports.createNodesV2 (c:\Users\tyyo1\modern\node_modules\@nx\angular\src\plugins\plugin.js:60:20)
      at async LoadedNxPlugin.createNodes (c:\Users\tyyo1\modern\node_modules\nx\src\project-graph\plugins\loaded-nx-plugin.js:25:36)
      TypeError [ERR_INVALID_ARG_TYPE]: The "path" argument must be of type string. Received an instance of Object
          at join (node:path:478:7)
          at updateBuildTarget (c:\Users\tyyo1\modern\node_modules\@nx\angular\src\plugins\plugin.js:218:53)
          at buildAngularProjects (c:\Users\tyyo1\modern\node_modules\@nx\angular\src\plugins\plugin.js:123:23)
          at createNodesInternal (c:\Users\tyyo1\modern\node_modules\@nx\angular\src\plugins\plugin.js:75:35)
          at process.processTicksAndRejections (node:internal/process/task_queues:105:5)
          at async c:\Users\tyyo1\modern\node_modules\nx\src\project-graph\plugins\utils.js:10:27
          at async Promise.all (index 0)
          at async createNodesFromFiles (c:\Users\tyyo1\modern\node_modules\nx\src\project-graph\plugins\utils.js:8:5)
          at async exports.createNodesV2 (c:\Users\tyyo1\modern\node_modules\@nx\angular\src\plugins\plugin.js:60:20)
          at async LoadedNxPlugin.createNodes (c:\Users\tyyo1\modern\node_modules\nx\src\project-graph\plugins\loaded-nx-plugin.js:25:36)
[NX v22.1.1 Daemon Server] - 2025-12-03T21:32:25.128Z - Time taken for 'total execution time for createProjectGraph()' 25.36610000001383ms
[NX v22.1.1 Daemon Server] - 2025-12-03T21:32:25.128Z - Done responding to the client null
[NX v22.1.1 Daemon Server] - 2025-12-03T21:32:25.128Z - Handled json message REQUEST_PROJECT_GRAPH. Handling time: 72. Response time: 4.
[NX v22.1.1 Daemon Server] - 2025-12-03T21:32:25.132Z - Received raw message of length 32
[NX v22.1.1 Daemon Server] - 2025-12-03T21:32:25.132Z - Received json message of type GET_CONTEXT_FILE_DATA
[NX v22.1.1 Daemon Server] - 2025-12-03T21:32:25.132Z - Serializing response for GET_CONTEXT_FILE_DATA message in json mode
[NX v22.1.1 Daemon Server] - 2025-12-03T21:32:25.132Z - Responding to GET_CONTEXT_FILE_DATA message
[NX v22.1.1 Daemon Server] - 2025-12-03T21:32:25.132Z - [REQUEST]: Responding to the client. handleContextFileData
[NX v22.1.1 Daemon Server] - 2025-12-03T21:32:25.132Z - Done responding to the client handleContextFileData
[NX v22.1.1 Daemon Server] - 2025-12-03T21:32:25.132Z - Handled json message GET_CONTEXT_FILE_DATA. Handling time: 0. Response time: 0.
[NX v22.1.1 Daemon Server] - 2025-12-03T21:32:25.133Z - Closed a connection. Number of open connections: 1
[NX v22.1.1 Daemon Server] - 2025-12-03T21:32:40.971Z - [WATCHER]: 0 file(s) created or restored, 1 file(s) modified, 1 file(s) deleted
[NX v22.1.1 Daemon Server] - 2025-12-03T21:32:40.971Z - [WATCHER]: Processing file changes in outputs
[NX v22.1.1 Daemon Server] - 2025-12-03T21:32:41.032Z - [WATCHER]: Processing file changes in outputs
[NX v22.1.1 Daemon Server] - 2025-12-03T21:32:41.034Z - [WATCHER]: package.json was modified
[NX v22.1.1 Daemon Server] - 2025-12-03T21:32:41.078Z - [REQUEST]: Updated workspace context based on watched changes, recomputing project graph...
[NX v22.1.1 Daemon Server] - 2025-12-03T21:32:41.078Z - [REQUEST]: src/app/flight-booking/flight-search/flight-search.component.ts,package.json
[NX v22.1.1 Daemon Server] - 2025-12-03T21:32:41.078Z - [REQUEST]: nx.json
[NX v22.1.1 Daemon Server] - 2025-12-03T21:32:41.080Z - Time taken for 'hash changed files from watcher' 0.3264999999955762ms
Time for 'nx/core/project-json:createNodes' 0.2168000000237953
Time for 'nx-angular-json-plugin:createNodes' 0.49860000002081506
Time for 'nx/core/package-json:createNodes' 0.6552000000083353
Time for 'daemon-message-serialization-HASH_GLOB' 0.02850000001490116
[NX v22.1.1 Daemon Server] - 2025-12-03T21:32:41.083Z - Received raw message of length 58
[NX v22.1.1 Daemon Server] - 2025-12-03T21:32:41.083Z - Received json message of type HASH_GLOB
[NX v22.1.1 Daemon Server] - 2025-12-03T21:32:41.083Z - Serializing response for HASH_GLOB message in json mode
[NX v22.1.1 Daemon Server] - 2025-12-03T21:32:41.083Z - Responding to HASH_GLOB message
[NX v22.1.1 Daemon Server] - 2025-12-03T21:32:41.084Z - [REQUEST]: Responding to the client. handleHashGlob
[NX v22.1.1 Daemon Server] - 2025-12-03T21:32:41.084Z - Done responding to the client handleHashGlob
[NX v22.1.1 Daemon Server] - 2025-12-03T21:32:41.084Z - Handled json message HASH_GLOB. Handling time: 0. Response time: 1.
Time for '@nx/angular/plugin:createNodes' 5.453800000017509
Time for 'HASH_GLOB round trip' 2.5979999999981374
Time for 'deserialize daemon response - HASH_GLOB' 0.032100000011269
Time for 'nx/js/dependencies-and-lockfile:createNodes' 8.739000000001397
[NX v22.1.1 Daemon Server] - 2025-12-03T21:32:41.101Z - Time taken for 'build-project-configs' 14.208199999993667ms
Time for 'build typescript dependencies' 5.577499999984866
[NX v22.1.1 Daemon Server] - 2025-12-03T21:32:41.122Z - Time taken for 'total execution time for createProjectGraph()' 25.40129999999772ms
[NX v22.1.1 Daemon Server] - 2025-12-03T21:33:23.202Z - [WATCHER]: src/app/home/home.component.html was modified
[NX v22.1.1 Daemon Server] - 2025-12-03T21:33:23.202Z - [WATCHER]: Processing file changes in outputs
[NX v22.1.1 Daemon Server] - 2025-12-03T21:33:23.403Z - [REQUEST]: Updated workspace context based on watched changes, recomputing project graph...
[NX v22.1.1 Daemon Server] - 2025-12-03T21:33:23.403Z - [REQUEST]: src/app/home/home.component.html
[NX v22.1.1 Daemon Server] - 2025-12-03T21:33:23.403Z - [REQUEST]: 
[NX v22.1.1 Daemon Server] - 2025-12-03T21:33:23.405Z - Time taken for 'hash changed files from watcher' 0.1994999999878928ms
Time for 'nx/core/project-json:createNodes' 0.09770000001299195
Time for 'nx-angular-json-plugin:createNodes' 0.3242000000027474
Time for 'nx/core/package-json:createNodes' 0.37800000002607703
Time for 'daemon-message-serialization-HASH_GLOB' 0.018300000025192276
[NX v22.1.1 Daemon Server] - 2025-12-03T21:33:23.406Z - Received raw message of length 58
[NX v22.1.1 Daemon Server] - 2025-12-03T21:33:23.407Z - Received json message of type HASH_GLOB
[NX v22.1.1 Daemon Server] - 2025-12-03T21:33:23.407Z - Serializing response for HASH_GLOB message in json mode
[NX v22.1.1 Daemon Server] - 2025-12-03T21:33:23.407Z - Responding to HASH_GLOB message
[NX v22.1.1 Daemon Server] - 2025-12-03T21:33:23.407Z - [REQUEST]: Responding to the client. handleHashGlob
[NX v22.1.1 Daemon Server] - 2025-12-03T21:33:23.407Z - Done responding to the client handleHashGlob
[NX v22.1.1 Daemon Server] - 2025-12-03T21:33:23.407Z - Handled json message HASH_GLOB. Handling time: 0. Response time: 0.
Time for '@nx/angular/plugin:createNodes' 4.934799999988172
Time for 'HASH_GLOB round trip' 1.9211999999824911
Time for 'deserialize daemon response - HASH_GLOB' 0.043799999984912574
Time for 'nx/js/dependencies-and-lockfile:createNodes' 7.506500000017695
[NX v22.1.1 Daemon Server] - 2025-12-03T21:33:23.423Z - Time taken for 'build-project-configs' 12.42149999999674ms
Time for 'build typescript dependencies' 2.511499999993248
[NX v22.1.1 Daemon Server] - 2025-12-03T21:33:23.441Z - Time taken for 'total execution time for createProjectGraph()' 21.14059999998426ms
[NX v22.1.1 Daemon Server] - 2025-12-03T21:35:17.502Z - [WATCHER]: Processing file changes in outputs
[NX v22.1.1 Daemon Server] - 2025-12-03T21:36:53.176Z - [WATCHER]: src/app/flight-booking/flight-search/flight-search.component.ts was modified
[NX v22.1.1 Daemon Server] - 2025-12-03T21:36:53.176Z - [WATCHER]: Processing file changes in outputs
[NX v22.1.1 Daemon Server] - 2025-12-03T21:36:53.477Z - [WATCHER]: Processing file changes in outputs
[NX v22.1.1 Daemon Server] - 2025-12-03T21:36:53.478Z - [WATCHER]: src/app/flight-booking/flight-search/flight-search.component.ts was modified
[NX v22.1.1 Daemon Server] - 2025-12-03T21:36:53.582Z - [REQUEST]: Updated workspace context based on watched changes, recomputing project graph...
[NX v22.1.1 Daemon Server] - 2025-12-03T21:36:53.582Z - [REQUEST]: src/app/flight-booking/flight-search/flight-search.component.ts
[NX v22.1.1 Daemon Server] - 2025-12-03T21:36:53.582Z - [REQUEST]: 
[NX v22.1.1 Daemon Server] - 2025-12-03T21:36:53.584Z - Time taken for 'hash changed files from watcher' 0.2684000000008382ms
Time for 'nx/core/project-json:createNodes' 0.2646999999997206
Time for 'daemon-message-serialization-HASH_GLOB' 0.01880000001983717
Time for 'nx-angular-json-plugin:createNodes' 0.5626999999512918
Time for 'nx/core/package-json:createNodes' 0.6574000000255182
[NX v22.1.1 Daemon Server] - 2025-12-03T21:36:53.586Z - Received raw message of length 58
[NX v22.1.1 Daemon Server] - 2025-12-03T21:36:53.586Z - Received json message of type HASH_GLOB
[NX v22.1.1 Daemon Server] - 2025-12-03T21:36:53.587Z - Serializing response for HASH_GLOB message in json mode
[NX v22.1.1 Daemon Server] - 2025-12-03T21:36:53.587Z - Responding to HASH_GLOB message
[NX v22.1.1 Daemon Server] - 2025-12-03T21:36:53.587Z - [REQUEST]: Responding to the client. handleHashGlob
[NX v22.1.1 Daemon Server] - 2025-12-03T21:36:53.587Z - Done responding to the client handleHashGlob
[NX v22.1.1 Daemon Server] - 2025-12-03T21:36:53.587Z - Handled json message HASH_GLOB. Handling time: 1. Response time: 0.
Time for '@nx/angular/plugin:createNodes' 4.935200000007171
Time for 'HASH_GLOB round trip' 2.2726000000257045
Time for 'deserialize daemon response - HASH_GLOB' 0.02770000003511086
Time for 'nx/js/dependencies-and-lockfile:createNodes' 10.647700000030454
[NX v22.1.1 Daemon Server] - 2025-12-03T21:36:53.608Z - Time taken for 'build-project-configs' 19.091599999985192ms
Time for 'build typescript dependencies' 3.6878000000142492
[NX v22.1.1 Daemon Server] - 2025-12-03T21:36:53.628Z - Time taken for 'total execution time for createProjectGraph()' 22.23470000002999ms
[NX v22.1.1 Daemon Server] - 2025-12-03T21:36:53.845Z - [WATCHER]: Processing file changes in outputs
[NX v22.1.1 Daemon Server] - 2025-12-03T21:36:53.909Z - [WATCHER]: Processing file changes in outputs
[NX v22.1.1 Daemon Server] - 2025-12-03T21:36:53.910Z - [WATCHER]: src/app/flight-booking/flight-edit/flight-edit.component.html was modified
[NX v22.1.1 Daemon Server] - 2025-12-03T21:36:54.092Z - [WATCHER]: Processing file changes in outputs
[NX v22.1.1 Daemon Server] - 2025-12-03T21:36:54.257Z - [WATCHER]: Processing file changes in outputs
[NX v22.1.1 Daemon Server] - 2025-12-03T21:36:54.259Z - [WATCHER]: src/app/flight-booking/flight-edit/flight-edit.component.html was modified
[NX v22.1.1 Daemon Server] - 2025-12-03T21:36:54.496Z - [WATCHER]: Processing file changes in outputs
[NX v22.1.1 Daemon Server] - 2025-12-03T21:36:54.611Z - [WATCHER]: src/app/flight-booking/flight-edit/flight-edit.component.html was modified
[NX v22.1.1 Daemon Server] - 2025-12-03T21:36:54.611Z - [WATCHER]: Processing file changes in outputs
[NX v22.1.1 Daemon Server] - 2025-12-03T21:36:54.713Z - [REQUEST]: Updated workspace context based on watched changes, recomputing project graph...
[NX v22.1.1 Daemon Server] - 2025-12-03T21:36:54.713Z - [REQUEST]: src/app/flight-booking/flight-edit/flight-edit.component.html
[NX v22.1.1 Daemon Server] - 2025-12-03T21:36:54.713Z - [REQUEST]: 
[NX v22.1.1 Daemon Server] - 2025-12-03T21:36:54.716Z - Time taken for 'hash changed files from watcher' 0.30199999996693805ms
Time for 'nx/core/project-json:createNodes' 0.1354999999748543
Time for 'nx-angular-json-plugin:createNodes' 0.6677999999956228
Time for 'daemon-message-serialization-HASH_GLOB' 0.027400000020861626
Time for 'nx/core/package-json:createNodes' 1.0644999999785796
[NX v22.1.1 Daemon Server] - 2025-12-03T21:36:54.718Z - Received raw message of length 58
[NX v22.1.1 Daemon Server] - 2025-12-03T21:36:54.719Z - Received json message of type HASH_GLOB
[NX v22.1.1 Daemon Server] - 2025-12-03T21:36:54.719Z - Serializing response for HASH_GLOB message in json mode
[NX v22.1.1 Daemon Server] - 2025-12-03T21:36:54.719Z - Responding to HASH_GLOB message
[NX v22.1.1 Daemon Server] - 2025-12-03T21:36:54.719Z - [REQUEST]: Responding to the client. handleHashGlob
[NX v22.1.1 Daemon Server] - 2025-12-03T21:36:54.719Z - Done responding to the client handleHashGlob
[NX v22.1.1 Daemon Server] - 2025-12-03T21:36:54.719Z - Handled json message HASH_GLOB. Handling time: 0. Response time: 0.
Time for '@nx/angular/plugin:createNodes' 6.617599999997765
Time for 'HASH_GLOB round trip' 2.8047999999835156
Time for 'deserialize daemon response - HASH_GLOB' 0.029399999999441206
Time for 'nx/js/dependencies-and-lockfile:createNodes' 13.636400000017602
[NX v22.1.1 Daemon Server] - 2025-12-03T21:36:54.748Z - Time taken for 'build-project-configs' 24.057099999976344ms
Time for 'build typescript dependencies' 3.6552999999839813
[NX v22.1.1 Daemon Server] - 2025-12-03T21:36:54.769Z - Time taken for 'total execution time for createProjectGraph()' 26.998199999972712ms
[NX v22.1.1 Daemon Server] - 2025-12-03T21:36:54.845Z - [WATCHER]: Processing file changes in outputs
[NX v22.1.1 Daemon Server] - 2025-12-03T21:36:55.086Z - [WATCHER]: src/app/flight-booking/flight-edit/flight-edit.component.html was modified
[NX v22.1.1 Daemon Server] - 2025-12-03T21:36:55.086Z - [WATCHER]: Processing file changes in outputs
[NX v22.1.1 Daemon Server] - 2025-12-03T21:36:55.398Z - [WATCHER]: Processing file changes in outputs
[NX v22.1.1 Daemon Server] - 2025-12-03T21:36:55.399Z - [WATCHER]: src/app/flight-booking/flight-edit/flight-edit.component.html was modified
[NX v22.1.1 Daemon Server] - 2025-12-03T21:36:55.765Z - [WATCHER]: Processing file changes in outputs
[NX v22.1.1 Daemon Server] - 2025-12-03T21:36:56.688Z - [REQUEST]: Updated workspace context based on watched changes, recomputing project graph...
[NX v22.1.1 Daemon Server] - 2025-12-03T21:36:56.688Z - [REQUEST]: src/app/flight-booking/flight-edit/flight-edit.component.html
[NX v22.1.1 Daemon Server] - 2025-12-03T21:36:56.688Z - [REQUEST]: 
Time for 'nx/core/project-json:createNodes' 0.13619999994989485
Time for 'nx-angular-json-plugin:createNodes' 0.7912999999825843
[NX v22.1.1 Daemon Server] - 2025-12-03T21:36:56.692Z - Time taken for 'hash changed files from watcher' 0.29860000003827736ms
Time for 'nx/core/package-json:createNodes' 0.9210000000311993
Time for 'daemon-message-serialization-HASH_GLOB' 0.02729999995790422
[NX v22.1.1 Daemon Server] - 2025-12-03T21:36:56.694Z - Received raw message of length 58
[NX v22.1.1 Daemon Server] - 2025-12-03T21:36:56.694Z - Received json message of type HASH_GLOB
[NX v22.1.1 Daemon Server] - 2025-12-03T21:36:56.695Z - Serializing response for HASH_GLOB message in json mode
[NX v22.1.1 Daemon Server] - 2025-12-03T21:36:56.695Z - Responding to HASH_GLOB message
[NX v22.1.1 Daemon Server] - 2025-12-03T21:36:56.695Z - [REQUEST]: Responding to the client. handleHashGlob
[NX v22.1.1 Daemon Server] - 2025-12-03T21:36:56.695Z - Done responding to the client handleHashGlob
[NX v22.1.1 Daemon Server] - 2025-12-03T21:36:56.695Z - Handled json message HASH_GLOB. Handling time: 1. Response time: 0.
Time for '@nx/angular/plugin:createNodes' 6.70319999998901
Time for 'HASH_GLOB round trip' 3.020200000028126
Time for 'deserialize daemon response - HASH_GLOB' 0.03159999998752028
Time for 'nx/js/dependencies-and-lockfile:createNodes' 10.312200000043958
[NX v22.1.1 Daemon Server] - 2025-12-03T21:36:56.711Z - Time taken for 'build-project-configs' 15.749299999966752ms
Time for 'build typescript dependencies' 2.6929999999701977
[NX v22.1.1 Daemon Server] - 2025-12-03T21:36:56.729Z - Time taken for 'total execution time for createProjectGraph()' 20.29769999999553ms
[NX v22.1.1 Daemon Server] - 2025-12-03T21:36:58.900Z - [WATCHER]: Processing file changes in outputs
[NX v22.1.1 Daemon Server] - 2025-12-03T21:36:58.901Z - [WATCHER]: src/app/home/home.component.ts was modified
[NX v22.1.1 Daemon Server] - 2025-12-03T21:36:59.372Z - [WATCHER]: Processing file changes in outputs
[NX v22.1.1 Daemon Server] - 2025-12-03T21:37:00.618Z - [WATCHER]: Processing file changes in outputs
[NX v22.1.1 Daemon Server] - 2025-12-03T21:37:00.619Z - [WATCHER]: src/app/home/home.component.ts was modified
[NX v22.1.1 Daemon Server] - 2025-12-03T21:37:00.986Z - [WATCHER]: Processing file changes in outputs
[NX v22.1.1 Daemon Server] - 2025-12-03T21:37:02.109Z - [REQUEST]: Updated workspace context based on watched changes, recomputing project graph...
[NX v22.1.1 Daemon Server] - 2025-12-03T21:37:02.109Z - [REQUEST]: src/app/home/home.component.ts
[NX v22.1.1 Daemon Server] - 2025-12-03T21:37:02.109Z - [REQUEST]: 
[NX v22.1.1 Daemon Server] - 2025-12-03T21:37:02.110Z - Time taken for 'hash changed files from watcher' 0.20009999995818362ms
Time for 'nx/core/project-json:createNodes' 0.06630000000586733
Time for 'nx-angular-json-plugin:createNodes' 0.32380000001285225
Time for 'nx/core/package-json:createNodes' 0.4853000000002794
Time for 'daemon-message-serialization-HASH_GLOB' 0.014899999951012433
[NX v22.1.1 Daemon Server] - 2025-12-03T21:37:02.112Z - Received raw message of length 58
[NX v22.1.1 Daemon Server] - 2025-12-03T21:37:02.112Z - Received json message of type HASH_GLOB
[NX v22.1.1 Daemon Server] - 2025-12-03T21:37:02.112Z - Serializing response for HASH_GLOB message in json mode
[NX v22.1.1 Daemon Server] - 2025-12-03T21:37:02.112Z - Responding to HASH_GLOB message
[NX v22.1.1 Daemon Server] - 2025-12-03T21:37:02.112Z - [REQUEST]: Responding to the client. handleHashGlob
[NX v22.1.1 Daemon Server] - 2025-12-03T21:37:02.112Z - Done responding to the client handleHashGlob
[NX v22.1.1 Daemon Server] - 2025-12-03T21:37:02.112Z - Handled json message HASH_GLOB. Handling time: 0. Response time: 0.
Time for '@nx/angular/plugin:createNodes' 3.6405999999842606
Time for 'HASH_GLOB round trip' 1.5507999999681488
Time for 'deserialize daemon response - HASH_GLOB' 0.013299999991431832
Time for 'nx/js/dependencies-and-lockfile:createNodes' 6.927700000000186
[NX v22.1.1 Daemon Server] - 2025-12-03T21:37:02.127Z - Time taken for 'build-project-configs' 12.2212999999756ms
Time for 'build typescript dependencies' 4.431099999987055
[NX v22.1.1 Daemon Server] - 2025-12-03T21:37:02.147Z - Time taken for 'total execution time for createProjectGraph()' 21.69169999996666ms
[NX v22.1.1 Daemon Server] - 2025-12-03T21:37:02.515Z - [WATCHER]: Processing file changes in outputs
[NX v22.1.1 Daemon Server] - 2025-12-03T21:37:02.517Z - [WATCHER]: src/app/home/home.component.html was modified
[NX v22.1.1 Daemon Server] - 2025-12-03T21:37:03.453Z - [WATCHER]: Processing file changes in outputs
[NX v22.1.1 Daemon Server] - 2025-12-03T21:37:03.454Z - [WATCHER]: src/app/home/home.component.ts was modified
[NX v22.1.1 Daemon Server] - 2025-12-03T21:37:03.830Z - [WATCHER]: Processing file changes in outputs
[NX v22.1.1 Daemon Server] - 2025-12-03T21:37:08.928Z - [REQUEST]: Updated workspace context based on watched changes, recomputing project graph...
[NX v22.1.1 Daemon Server] - 2025-12-03T21:37:08.928Z - [REQUEST]: src/app/home/home.component.html,src/app/home/home.component.ts
[NX v22.1.1 Daemon Server] - 2025-12-03T21:37:08.928Z - [REQUEST]: 
[NX v22.1.1 Daemon Server] - 2025-12-03T21:37:08.931Z - Time taken for 'hash changed files from watcher' 0.45380000001750886ms
Time for 'nx/core/project-json:createNodes' 0.0806999999913387
Time for 'nx-angular-json-plugin:createNodes' 0.5273000000161119
Time for 'nx/core/package-json:createNodes' 0.5601000000024214
Time for 'daemon-message-serialization-HASH_GLOB' 0.020499999984167516
[NX v22.1.1 Daemon Server] - 2025-12-03T21:37:08.933Z - Received raw message of length 58
[NX v22.1.1 Daemon Server] - 2025-12-03T21:37:08.933Z - Received json message of type HASH_GLOB
[NX v22.1.1 Daemon Server] - 2025-12-03T21:37:08.934Z - Serializing response for HASH_GLOB message in json mode
[NX v22.1.1 Daemon Server] - 2025-12-03T21:37:08.934Z - Responding to HASH_GLOB message
[NX v22.1.1 Daemon Server] - 2025-12-03T21:37:08.934Z - [REQUEST]: Responding to the client. handleHashGlob
[NX v22.1.1 Daemon Server] - 2025-12-03T21:37:08.934Z - Done responding to the client handleHashGlob
[NX v22.1.1 Daemon Server] - 2025-12-03T21:37:08.934Z - Handled json message HASH_GLOB. Handling time: 1. Response time: 0.
Time for '@nx/angular/plugin:createNodes' 5.480500000005122
Time for 'HASH_GLOB round trip' 2.3211000000010245
Time for 'deserialize daemon response - HASH_GLOB' 0.023099999991245568
Time for 'nx/js/dependencies-and-lockfile:createNodes' 9.330500000040047
[NX v22.1.1 Daemon Server] - 2025-12-03T21:37:08.952Z - Time taken for 'build-project-configs' 16.061699999962002ms
Time for 'build typescript dependencies' 3.3813000000081956
[NX v22.1.1 Daemon Server] - 2025-12-03T21:37:08.970Z - Time taken for 'total execution time for createProjectGraph()' 20.422500000044238ms
[NX v22.1.1 Daemon Server] - 2025-12-03T21:37:13.149Z - [WATCHER]: Processing file changes in outputs
[NX v22.1.1 Daemon Server] - 2025-12-03T21:37:13.150Z - [WATCHER]: 0 file(s) created or restored, 3 file(s) modified, 0 file(s) deleted
[NX v22.1.1 Daemon Server] - 2025-12-03T21:37:13.321Z - [WATCHER]: src/app/home/home.component.html was modified
[NX v22.1.1 Daemon Server] - 2025-12-03T21:37:13.321Z - [WATCHER]: Processing file changes in outputs
[NX v22.1.1 Daemon Server] - 2025-12-03T21:37:19.565Z - [REQUEST]: Updated workspace context based on watched changes, recomputing project graph...
[NX v22.1.1 Daemon Server] - 2025-12-03T21:37:19.565Z - [REQUEST]: src/app/flight-booking/flight-search/flight-search.component.ts,src/app/flight-booking/flight-edit/flight-edit.component.html,src/app/home/home.component.ts,src/app/home/home.component.html
[NX v22.1.1 Daemon Server] - 2025-12-03T21:37:19.565Z - [REQUEST]: 
[NX v22.1.1 Daemon Server] - 2025-12-03T21:37:19.568Z - Time taken for 'hash changed files from watcher' 0.540500000002794ms
Time for 'nx/core/project-json:createNodes' 0.07450000004610047
Time for 'nx-angular-json-plugin:createNodes' 0.43179999996209517
Time for 'nx/core/package-json:createNodes' 0.6662000000360422
Time for 'daemon-message-serialization-HASH_GLOB' 0.03179999999701977
[NX v22.1.1 Daemon Server] - 2025-12-03T21:37:19.570Z - Received raw message of length 58
[NX v22.1.1 Daemon Server] - 2025-12-03T21:37:19.570Z - Received json message of type HASH_GLOB
[NX v22.1.1 Daemon Server] - 2025-12-03T21:37:19.571Z - Serializing response for HASH_GLOB message in json mode
[NX v22.1.1 Daemon Server] - 2025-12-03T21:37:19.571Z - Responding to HASH_GLOB message
[NX v22.1.1 Daemon Server] - 2025-12-03T21:37:19.571Z - [REQUEST]: Responding to the client. handleHashGlob
[NX v22.1.1 Daemon Server] - 2025-12-03T21:37:19.571Z - Done responding to the client handleHashGlob
[NX v22.1.1 Daemon Server] - 2025-12-03T21:37:19.571Z - Handled json message HASH_GLOB. Handling time: 1. Response time: 0.
Time for '@nx/angular/plugin:createNodes' 6.436199999996461
Time for 'HASH_GLOB round trip' 2.6516999999876134
Time for 'deserialize daemon response - HASH_GLOB' 0.017299999948590994
Time for 'nx/js/dependencies-and-lockfile:createNodes' 13.581799999985378
[NX v22.1.1 Daemon Server] - 2025-12-03T21:37:19.606Z - Time taken for 'build-project-configs' 24.09429999999702ms
Time for 'build typescript dependencies' 0.033100000000558794
[NX v22.1.1 Daemon Server] - 2025-12-03T21:37:19.651Z - Time taken for 'total execution time for createProjectGraph()' 53.88959999999497ms
[NX v22.1.1 Daemon Server] - 2025-12-03T21:37:37.878Z - [WATCHER]: src/app/home/home.component.ts was modified
[NX v22.1.1 Daemon Server] - 2025-12-03T21:37:37.878Z - [WATCHER]: Processing file changes in outputs
[NX v22.1.1 Daemon Server] - 2025-12-03T21:37:38.222Z - [WATCHER]: Processing file changes in outputs
[NX v22.1.1 Daemon Server] - 2025-12-03T21:37:44.280Z - [REQUEST]: Updated workspace context based on watched changes, recomputing project graph...
[NX v22.1.1 Daemon Server] - 2025-12-03T21:37:44.280Z - [REQUEST]: src/app/home/home.component.ts
[NX v22.1.1 Daemon Server] - 2025-12-03T21:37:44.280Z - [REQUEST]: 
[NX v22.1.1 Daemon Server] - 2025-12-03T21:37:44.282Z - Time taken for 'hash changed files from watcher' 0.1954000000259839ms
Time for 'nx/core/project-json:createNodes' 0.06689999997615814
Time for 'nx-angular-json-plugin:createNodes' 0.25069999997504056
Time for 'daemon-message-serialization-HASH_GLOB' 0.01639999996405095
Time for 'nx/core/package-json:createNodes' 0.4005000000470318
[NX v22.1.1 Daemon Server] - 2025-12-03T21:37:44.283Z - Received raw message of length 58
[NX v22.1.1 Daemon Server] - 2025-12-03T21:37:44.283Z - Received json message of type HASH_GLOB
[NX v22.1.1 Daemon Server] - 2025-12-03T21:37:44.284Z - Serializing response for HASH_GLOB message in json mode
[NX v22.1.1 Daemon Server] - 2025-12-03T21:37:44.284Z - Responding to HASH_GLOB message
[NX v22.1.1 Daemon Server] - 2025-12-03T21:37:44.284Z - [REQUEST]: Responding to the client. handleHashGlob
[NX v22.1.1 Daemon Server] - 2025-12-03T21:37:44.284Z - Done responding to the client handleHashGlob
[NX v22.1.1 Daemon Server] - 2025-12-03T21:37:44.284Z - Handled json message HASH_GLOB. Handling time: 1. Response time: 0.
Time for '@nx/angular/plugin:createNodes' 3.7115000000339933
Time for 'HASH_GLOB round trip' 1.6793999999645166
Time for 'deserialize daemon response - HASH_GLOB' 0.014999999955762178
Time for 'nx/js/dependencies-and-lockfile:createNodes' 10.07550000003539
[NX v22.1.1 Daemon Server] - 2025-12-03T21:37:44.311Z - Time taken for 'build-project-configs' 20.095200000039767ms
Time for 'build typescript dependencies' 7.260000000009313
[NX v22.1.1 Daemon Server] - 2025-12-03T21:37:44.349Z - Time taken for 'total execution time for createProjectGraph()' 42.7208999999566ms
[NX v22.1.1 Daemon Server] - 2025-12-03T21:37:44.587Z - [WATCHER]: src/app/home/home.component.ts was modified
[NX v22.1.1 Daemon Server] - 2025-12-03T21:37:44.587Z - [WATCHER]: Processing file changes in outputs
[NX v22.1.1 Daemon Server] - 2025-12-03T21:37:45.084Z - [WATCHER]: Processing file changes in outputs
[NX v22.1.1 Daemon Server] - 2025-12-03T21:37:50.468Z - [WATCHER]: src/app/home/home.component.html was modified
[NX v22.1.1 Daemon Server] - 2025-12-03T21:37:50.468Z - [WATCHER]: Processing file changes in outputs
[NX v22.1.1 Daemon Server] - 2025-12-03T21:37:50.996Z - [REQUEST]: Updated workspace context based on watched changes, recomputing project graph...
[NX v22.1.1 Daemon Server] - 2025-12-03T21:37:50.996Z - [REQUEST]: src/app/home/home.component.ts,src/app/home/home.component.html
[NX v22.1.1 Daemon Server] - 2025-12-03T21:37:50.996Z - [REQUEST]: 
[NX v22.1.1 Daemon Server] - 2025-12-03T21:37:50.998Z - Time taken for 'hash changed files from watcher' 0.2669999999925494ms
Time for 'nx/core/project-json:createNodes' 0.05460000003222376
Time for 'nx-angular-json-plugin:createNodes' 0.26150000002235174
Time for 'daemon-message-serialization-HASH_GLOB' 0.012799999967683107
Time for 'nx/core/package-json:createNodes' 0.3854999999748543
[NX v22.1.1 Daemon Server] - 2025-12-03T21:37:50.999Z - Received raw message of length 58
[NX v22.1.1 Daemon Server] - 2025-12-03T21:37:50.999Z - Received json message of type HASH_GLOB
[NX v22.1.1 Daemon Server] - 2025-12-03T21:37:51.000Z - Serializing response for HASH_GLOB message in json mode
[NX v22.1.1 Daemon Server] - 2025-12-03T21:37:51.000Z - Responding to HASH_GLOB message
[NX v22.1.1 Daemon Server] - 2025-12-03T21:37:51.000Z - [REQUEST]: Responding to the client. handleHashGlob
[NX v22.1.1 Daemon Server] - 2025-12-03T21:37:51.000Z - Done responding to the client handleHashGlob
[NX v22.1.1 Daemon Server] - 2025-12-03T21:37:51.000Z - Handled json message HASH_GLOB. Handling time: 1. Response time: 0.
Time for '@nx/angular/plugin:createNodes' 3.924700000032317
Time for 'HASH_GLOB round trip' 1.7308000000193715
Time for 'deserialize daemon response - HASH_GLOB' 0.013399999996181577
Time for 'nx/js/dependencies-and-lockfile:createNodes' 7.831000000005588
[NX v22.1.1 Daemon Server] - 2025-12-03T21:37:51.017Z - Time taken for 'build-project-configs' 14.712200000009034ms
Time for 'build typescript dependencies' 6.131399999954738
[NX v22.1.1 Daemon Server] - 2025-12-03T21:37:51.049Z - Time taken for 'total execution time for createProjectGraph()' 32.69239999999991ms
[NX v22.1.1 Daemon Server] - 2025-12-03T21:38:21.732Z - [WATCHER]: src/app/flight-booking/flight-search/flight-search.component.ts was modified
[NX v22.1.1 Daemon Server] - 2025-12-03T21:38:21.733Z - [WATCHER]: Processing file changes in outputs
[NX v22.1.1 Daemon Server] - 2025-12-03T21:38:22.264Z - [WATCHER]: Processing file changes in outputs
[NX v22.1.1 Daemon Server] - 2025-12-03T21:38:28.138Z - [REQUEST]: Updated workspace context based on watched changes, recomputing project graph...
[NX v22.1.1 Daemon Server] - 2025-12-03T21:38:28.138Z - [REQUEST]: src/app/flight-booking/flight-search/flight-search.component.ts
[NX v22.1.1 Daemon Server] - 2025-12-03T21:38:28.138Z - [REQUEST]: 
Time for 'nx/core/project-json:createNodes' 0.12029999995138496
Time for 'nx-angular-json-plugin:createNodes' 0.5827000000281259
[NX v22.1.1 Daemon Server] - 2025-12-03T21:38:28.143Z - Time taken for 'hash changed files from watcher' 0.5373000000254251ms
Time for 'nx/core/package-json:createNodes' 0.9355999999679625
Time for 'daemon-message-serialization-HASH_GLOB' 0.036699999996926636
[NX v22.1.1 Daemon Server] - 2025-12-03T21:38:28.146Z - Received raw message of length 58
[NX v22.1.1 Daemon Server] - 2025-12-03T21:38:28.146Z - Received json message of type HASH_GLOB
[NX v22.1.1 Daemon Server] - 2025-12-03T21:38:28.147Z - Serializing response for HASH_GLOB message in json mode
[NX v22.1.1 Daemon Server] - 2025-12-03T21:38:28.147Z - Responding to HASH_GLOB message
[NX v22.1.1 Daemon Server] - 2025-12-03T21:38:28.147Z - [REQUEST]: Responding to the client. handleHashGlob
[NX v22.1.1 Daemon Server] - 2025-12-03T21:38:28.148Z - Done responding to the client handleHashGlob
[NX v22.1.1 Daemon Server] - 2025-12-03T21:38:28.148Z - Handled json message HASH_GLOB. Handling time: 1. Response time: 1.
Time for '@nx/angular/plugin:createNodes' 12.525499999988824
Time for 'HASH_GLOB round trip' 4.280400000046939
Time for 'deserialize daemon response - HASH_GLOB' 0.051500000001396984
Time for 'nx/js/dependencies-and-lockfile:createNodes' 32.038899999985006
[NX v22.1.1 Daemon Server] - 2025-12-03T21:38:28.204Z - Time taken for 'build-project-configs' 48.650599999993574ms
Time for 'build typescript dependencies' 4.794099999999162
[NX v22.1.1 Daemon Server] - 2025-12-03T21:38:28.227Z - Time taken for 'total execution time for createProjectGraph()' 33.99809999996796ms
[NX v22.1.1 Daemon Server] - 2025-12-04T00:38:28.145Z - Closed a connection. Number of open connections: 0
[NX v22.1.1 Daemon Server] - 2025-12-04T00:38:28.145Z - [WATCHER]: Stopping the watcher for c:\Users\tyyo1\modern (sources)
[NX v22.1.1 Daemon Server] - 2025-12-04T00:38:28.145Z - [WATCHER]: Stopping the watcher for c:\Users\tyyo1\modern (outputs)
[NX v22.1.1 Daemon Server] - 2025-12-04T00:38:28.146Z - Server stopped because: "10800000ms of inactivity"
